<?xml version="1.0" encoding="UTF-8"?>
<coverage generated="1559101241482" clover="3.2.0">
  <project timestamp="1559101241482" name="All files">
    <metrics statements="18" coveredstatements="4" conditionals="6" coveredconditionals="1" methods="9" coveredmethods="1" elements="33" coveredelements="6" complexity="0" loc="18" ncloc="18" packages="3" files="6" classes="6">
      <package name="src">
        <metrics statements="2" coveredstatements="1" conditionals="0" coveredconditionals="0" methods="1" coveredmethods="0"/>
        <file name="App.vue" path="/Users/leerw3/dev/wordpress/wp-content/themes/wordpress-vue-theme/src/App.vue">
          <metrics statements="2" coveredstatements="1" conditionals="0" coveredconditionals="0" methods="1" coveredmethods="0"/>
          <line num="10" count="1" type="stmt"/>
          <line num="17" count="0" type="stmt"/>
        </file>
      </package>
      <package name="src.store">
        <metrics statements="10" coveredstatements="1" conditionals="4" coveredconditionals="0" methods="4" coveredmethods="0"/>
        <file name="actions.js" path="/Users/leerw3/dev/wordpress/wp-content/themes/wordpress-vue-theme/src/store/actions.js">
          <metrics statements="4" coveredstatements="1" conditionals="0" coveredconditionals="0" methods="2" coveredmethods="0"/>
          <line num="4" count="1" type="stmt"/>
          <line num="8" count="0" type="stmt"/>
          <line num="10" count="0" type="stmt"/>
          <line num="13" count="0" type="stmt"/>
        </file>
        <file name="getters.js" path="/Users/leerw3/dev/wordpress/wp-content/themes/wordpress-vue-theme/src/store/getters.js">
          <metrics statements="5" coveredstatements="0" conditionals="4" coveredconditionals="0" methods="1" coveredmethods="0"/>
          <line num="4" count="0" type="stmt"/>
          <line num="5" count="0" type="stmt"/>
          <line num="8" count="0" type="cond" truecount="0" falsecount="4"/>
          <line num="9" count="0" type="stmt"/>
          <line num="11" count="0" type="stmt"/>
        </file>
        <file name="mutations.js" path="/Users/leerw3/dev/wordpress/wp-content/themes/wordpress-vue-theme/src/store/mutations.js">
          <metrics statements="1" coveredstatements="0" conditionals="0" coveredconditionals="0" methods="1" coveredmethods="0"/>
          <line num="2" count="0" type="stmt"/>
        </file>
      </package>
      <package name="src.utils">
        <metrics statements="6" coveredstatements="2" conditionals="2" coveredconditionals="1" methods="4" coveredmethods="1"/>
        <file name="HttpClient.js" path="/Users/leerw3/dev/wordpress/wp-content/themes/wordpress-vue-theme/src/utils/HttpClient.js">
          <metrics statements="6" coveredstatements="2" conditionals="2" coveredconditionals="1" methods="4" coveredmethods="1"/>
          <line num="7" count="1" type="stmt"/>
          <line num="8" count="1" type="stmt"/>
          <line num="13" count="0" type="stmt"/>
          <line num="17" count="0" type="stmt"/>
          <line num="20" count="0" type="stmt"/>
          <line num="23" count="0" type="stmt"/>
        </file>
        <file name="TestWrapper.js" path="/Users/leerw3/dev/wordpress/wp-content/themes/wordpress-vue-theme/src/utils/TestWrapper.js">
          <metrics statements="0" coveredstatements="0" conditionals="0" coveredconditionals="0" methods="0" coveredmethods="0"/>
        </file>
      </package>
    </metrics>
  </project>
</coverage>
