{"/Users/leerw3/dev/wordpress/wp-content/themes/wordpress-vue-theme/src/App.vue": {"path":"/Users/leerw3/dev/wordpress/wp-content/themes/wordpress-vue-theme/src/App.vue","statementMap":{"0":{"start":{"line":10,"column":0},"end":{"line":null,"column":-1}},"1":{"start":{"line":17,"column":0},"end":{"line":null,"column":-1}}},"fnMap":{"0":{"name":"created","decl":{"start":{"line":16,"column":0},"end":{"line":null,"column":-1}},"loc":{"start":{"line":16,"column":0},"end":{"line":18,"column":0}}}},"branchMap":{},"s":{"0":1,"1":0},"f":{"0":0},"b":{}}
,"/Users/leerw3/dev/wordpress/wp-content/themes/wordpress-vue-theme/src/store/actions.js": {"path":"/Users/leerw3/dev/wordpress/wp-content/themes/wordpress-vue-theme/src/store/actions.js","statementMap":{"0":{"start":{"line":4,"column":13},"end":{"line":4,"column":29}},"1":{"start":{"line":8,"column":4},"end":{"line":14,"column":9}},"2":{"start":{"line":10,"column":8},"end":{"line":10,"column":48}},"3":{"start":{"line":13,"column":8},"end":{"line":13,"column":25}}},"fnMap":{"0":{"name":"(anonymous_0)","decl":{"start":{"line":9,"column":12},"end":{"line":9,"column":13}},"loc":{"start":{"line":9,"column":21},"end":{"line":11,"column":7}},"line":9},"1":{"name":"(anonymous_1)","decl":{"start":{"line":12,"column":13},"end":{"line":12,"column":14}},"loc":{"start":{"line":12,"column":20},"end":{"line":14,"column":7}},"line":12}},"branchMap":{},"s":{"0":1,"1":0,"2":0,"3":0},"f":{"0":0,"1":0},"b":{},"_coverageSchema":"332fd63041d2c1bcb487cc26dd0d5f7d97098a6c","hash":"2d5596682d89e683305875394d1972afaf5325f0"}
,"/Users/leerw3/dev/wordpress/wp-content/themes/wordpress-vue-theme/src/store/getters.js": {"path":"/Users/leerw3/dev/wordpress/wp-content/themes/wordpress-vue-theme/src/store/getters.js","statementMap":{"0":{"start":{"line":4,"column":18},"end":{"line":7,"column":5}},"1":{"start":{"line":5,"column":6},"end":{"line":6,"column":38}},"2":{"start":{"line":8,"column":4},"end":{"line":10,"column":5}},"3":{"start":{"line":9,"column":6},"end":{"line":9,"column":26}},"4":{"start":{"line":11,"column":4},"end":{"line":11,"column":16}}},"fnMap":{"0":{"name":"(anonymous_0)","decl":{"start":{"line":4,"column":37},"end":{"line":4,"column":38}},"loc":{"start":{"line":5,"column":6},"end":{"line":6,"column":38}},"line":5}},"branchMap":{"0":{"loc":{"start":{"line":8,"column":4},"end":{"line":10,"column":5}},"type":"if","locations":[{"start":{"line":8,"column":4},"end":{"line":10,"column":5}},{"start":{"line":8,"column":4},"end":{"line":10,"column":5}}],"line":8},"1":{"loc":{"start":{"line":8,"column":8},"end":{"line":8,"column":29}},"type":"binary-expr","locations":[{"start":{"line":8,"column":8},"end":{"line":8,"column":13}},{"start":{"line":8,"column":17},"end":{"line":8,"column":29}}],"line":8}},"s":{"0":0,"1":0,"2":0,"3":0,"4":0},"f":{"0":0},"b":{"0":[0,0],"1":[0,0]},"_coverageSchema":"332fd63041d2c1bcb487cc26dd0d5f7d97098a6c","hash":"398fdc17474f42c9b9b20f6b83da6b11182f25a2"}
,"/Users/leerw3/dev/wordpress/wp-content/themes/wordpress-vue-theme/src/store/mutations.js": {"path":"/Users/leerw3/dev/wordpress/wp-content/themes/wordpress-vue-theme/src/store/mutations.js","statementMap":{"0":{"start":{"line":2,"column":35},"end":{"line":2,"column":55}}},"fnMap":{"0":{"name":"(anonymous_0)","decl":{"start":{"line":2,"column":15},"end":{"line":2,"column":16}},"loc":{"start":{"line":2,"column":33},"end":{"line":2,"column":57}},"line":2}},"branchMap":{},"s":{"0":0},"f":{"0":0},"b":{},"_coverageSchema":"332fd63041d2c1bcb487cc26dd0d5f7d97098a6c","hash":"edcaf238203fb2fe7d85afce8106f3ca501e54cb"}
,"/Users/leerw3/dev/wordpress/wp-content/themes/wordpress-vue-theme/src/utils/HttpClient.js": {"path":"/Users/leerw3/dev/wordpress/wp-content/themes/wordpress-vue-theme/src/utils/HttpClient.js","statementMap":{"0":{"start":{"line":7,"column":4},"end":{"line":14,"column":5}},"1":{"start":{"line":8,"column":6},"end":{"line":11,"column":8}},"2":{"start":{"line":13,"column":6},"end":{"line":13,"column":21}},"3":{"start":{"line":17,"column":4},"end":{"line":17,"column":54}},"4":{"start":{"line":20,"column":4},"end":{"line":20,"column":61}},"5":{"start":{"line":23,"column":4},"end":{"line":23,"column":60}}},"fnMap":{"0":{"name":"(anonymous_0)","decl":{"start":{"line":6,"column":2},"end":{"line":6,"column":3}},"loc":{"start":{"line":6,"column":17},"end":{"line":15,"column":3}},"line":6},"1":{"name":"(anonymous_1)","decl":{"start":{"line":16,"column":2},"end":{"line":16,"column":3}},"loc":{"start":{"line":16,"column":13},"end":{"line":18,"column":3}},"line":16},"2":{"name":"(anonymous_2)","decl":{"start":{"line":19,"column":2},"end":{"line":19,"column":3}},"loc":{"start":{"line":19,"column":20},"end":{"line":21,"column":3}},"line":19},"3":{"name":"(anonymous_3)","decl":{"start":{"line":22,"column":2},"end":{"line":22,"column":3}},"loc":{"start":{"line":22,"column":19},"end":{"line":24,"column":3}},"line":22}},"branchMap":{"0":{"loc":{"start":{"line":9,"column":24},"end":{"line":9,"column":97}},"type":"cond-expr","locations":[{"start":{"line":9,"column":66},"end":{"line":9,"column":92}},{"start":{"line":9,"column":95},"end":{"line":9,"column":97}}],"line":9}},"s":{"0":1,"1":1,"2":0,"3":0,"4":0,"5":0},"f":{"0":1,"1":0,"2":0,"3":0},"b":{"0":[0,1]},"_coverageSchema":"332fd63041d2c1bcb487cc26dd0d5f7d97098a6c","hash":"0491d2bb6681b32f50659eb18fc822a3ed6ef491"}
,"/Users/leerw3/dev/wordpress/wp-content/themes/wordpress-vue-theme/src/utils/TestWrapper.js": {"path":"/Users/leerw3/dev/wordpress/wp-content/themes/wordpress-vue-theme/src/utils/TestWrapper.js","statementMap":{},"fnMap":{},"branchMap":{},"s":{},"f":{},"b":{},"_coverageSchema":"332fd63041d2c1bcb487cc26dd0d5f7d97098a6c","hash":"9b3181492781168db4415b94f9eaaefb5ae66e70"}
}
