TN:
SF:/Users/leerw3/dev/wordpress/wp-content/themes/wordpress-vue-theme/src/App.vue
FN:16,created
FNF:1
FNH:0
FNDA:0,created
DA:10,1
DA:17,0
LF:2
LH:1
BRF:0
BRH:0
end_of_record
TN:
SF:/Users/leerw3/dev/wordpress/wp-content/themes/wordpress-vue-theme/src/store/actions.js
FN:9,(anonymous_0)
FN:12,(anonymous_1)
FNF:2
FNH:0
FNDA:0,(anonymous_0)
FNDA:0,(anonymous_1)
DA:4,1
DA:8,0
DA:10,0
DA:13,0
LF:4
LH:1
BRF:0
BRH:0
end_of_record
TN:
SF:/Users/leerw3/dev/wordpress/wp-content/themes/wordpress-vue-theme/src/store/getters.js
FN:4,(anonymous_0)
FNF:1
FNH:0
FNDA:0,(anonymous_0)
DA:4,0
DA:5,0
DA:8,0
DA:9,0
DA:11,0
LF:5
LH:0
BRDA:8,0,0,0
BRDA:8,0,1,0
BRDA:8,1,0,0
BRDA:8,1,1,0
BRF:4
BRH:0
end_of_record
TN:
SF:/Users/leerw3/dev/wordpress/wp-content/themes/wordpress-vue-theme/src/store/mutations.js
FN:2,(anonymous_0)
FNF:1
FNH:0
FNDA:0,(anonymous_0)
DA:2,0
LF:1
LH:0
BRF:0
BRH:0
end_of_record
TN:
SF:/Users/leerw3/dev/wordpress/wp-content/themes/wordpress-vue-theme/src/utils/HttpClient.js
FN:6,(anonymous_0)
FN:16,(anonymous_1)
FN:19,(anonymous_2)
FN:22,(anonymous_3)
FNF:4
FNH:1
FNDA:1,(anonymous_0)
FNDA:0,(anonymous_1)
FNDA:0,(anonymous_2)
FNDA:0,(anonymous_3)
DA:7,1
DA:8,1
DA:13,0
DA:17,0
DA:20,0
DA:23,0
LF:6
LH:2
BRDA:9,0,0,0
BRDA:9,0,1,1
BRF:2
BRH:1
end_of_record
TN:
SF:/Users/leerw3/dev/wordpress/wp-content/themes/wordpress-vue-theme/src/utils/TestWrapper.js
FNF:0
FNH:0
LF:0
LH:0
BRF:0
BRH:0
end_of_record
